{
  "packages/canyon-platform/src/useWorker.ts": {
    "path": "packages/canyon-platform/src/useWorker.ts",
    "statementMap": {
      "0": {
        "start": {
          "line": 3,
          "column": 0
        },
        "end": {
          "line": 5,
          "column": 3
        }
      }
    },
    "fnMap": {},
    "branchMap": {},
    "s": {
      "0": 1
    },
    "f": {},
    "b": {},
    "_coverageSchema": "1a1c01bbd47fc00a2c39e90264f33305004495a9",
    "hash": "9153854c7178a8c61a5245ef150a0b0c87c91818"
  },
  "packages/canyon-platform/src/i18n.ts": {
    "path": "packages/canyon-platform/src/i18n.ts",
    "statementMap": {
      "0": {
        "start": {
          "line": 8,
          "column": 18
        },
        "end": {
          "line": 18,
          "column": 1
        }
      },
      "1": {
        "start": {
          "line": 20,
          "column": 0
        },
        "end": {
          "line": 30,
          "column": 5
        }
      }
    },
    "fnMap": {},
    "branchMap": {
      "0": {
        "loc": {
          "start": {
            "line": 29,
            "column": 9
          },
          "end": {
            "line": 29,
            "column": 49
          }
        },
        "type": "binary-expr",
        "locations": [
          {
            "start": {
              "line": 29,
              "column": 9
            },
            "end": {
              "line": 29,
              "column": 41
            }
          },
          {
            "start": {
              "line": 29,
              "column": 45
            },
            "end": {
              "line": 29,
              "column": 49
            }
          }
        ],
        "line": 29
      }
    },
    "s": {
      "0": 1,
      "1": 1
    },
    "f": {},
    "b": {
      "0": [
        1,
        1
      ]
    },
    "_coverageSchema": "1a1c01bbd47fc00a2c39e90264f33305004495a9",
    "hash": "85f015a6ab110717bb437de888f770a879e03712"
  },
  "packages/canyon-platform/src/components/old-ui/components/card/Primary.tsx": {
    "path": "packages/canyon-platform/src/components/old-ui/components/card/Primary.tsx",
    "statementMap": {
      "0": {
        "start": {
          "line": 3,
          "column": 21
        },
        "end": {
          "line": 3,
          "column": 26
        }
      },
      "1": {
        "start": {
          "line": 8,
          "column": 5
        },
        "end": {
          "line": 21,
          "column": 1
        }
      },
      "2": {
        "start": {
          "line": 9,
          "column": 20
        },
        "end": {
          "line": 9,
          "column": 30
        }
      },
      "3": {
        "start": {
          "line": 10,
          "column": 2
        },
        "end": {
          "line": 20,
          "column": 4
        }
      }
    },
    "fnMap": {
      "0": {
        "name": "(anonymous_0)",
        "decl": {
          "start": {
            "line": 8,
            "column": 5
          },
          "end": {
            "line": 8,
            "column": 6
          }
        },
        "loc": {
          "start": {
            "line": 8,
            "column": 40
          },
          "end": {
            "line": 21,
            "column": 1
          }
        },
        "line": 8
      }
    },
    "branchMap": {},
    "s": {
      "0": 1,
      "1": 1,
      "2": 4,
      "3": 4
    },
    "f": {
      "0": 4
    },
    "b": {},
    "_coverageSchema": "1a1c01bbd47fc00a2c39e90264f33305004495a9",
    "hash": "3553019d9172739a7d4be8bb438a43e6fb335bba"
  },
  "packages/canyon-platform/src/components/old-ui/components/card/index.ts": {
    "path": "packages/canyon-platform/src/components/old-ui/components/card/index.ts",
    "statementMap": {},
    "fnMap": {},
    "branchMap": {},
    "s": {},
    "f": {},
    "b": {},
    "_coverageSchema": "1a1c01bbd47fc00a2c39e90264f33305004495a9",
    "hash": "32c35068af867eab758498ef9d452df700b3f686"
  },
  "packages/canyon-platform/src/components/old-ui/components/layout/footer.tsx": {
    "path": "packages/canyon-platform/src/components/old-ui/components/layout/footer.tsx",
    "statementMap": {
      "0": {
        "start": {
          "line": 1,
          "column": 18
        },
        "end": {
          "line": 12,
          "column": 1
        }
      },
      "1": {
        "start": {
          "line": 2,
          "column": 2
        },
        "end": {
          "line": 11,
          "column": 4
        }
      }
    },
    "fnMap": {
      "0": {
        "name": "(anonymous_0)",
        "decl": {
          "start": {
            "line": 1,
            "column": 18
          },
          "end": {
            "line": 1,
            "column": 19
          }
        },
        "loc": {
          "start": {
            "line": 1,
            "column": 38
          },
          "end": {
            "line": 12,
            "column": 1
          }
        },
        "line": 1
      }
    },
    "branchMap": {},
    "s": {
      "0": 1,
      "1": 10
    },
    "f": {
      "0": 10
    },
    "b": {},
    "_coverageSchema": "1a1c01bbd47fc00a2c39e90264f33305004495a9",
    "hash": "20f60dd27a53179377dfc12fca110d7f09a36f6a"
  },
  "packages/canyon-platform/src/components/old-ui/components/layout/ScrollBasedLayout.tsx": {
    "path": "packages/canyon-platform/src/components/old-ui/components/layout/ScrollBasedLayout.tsx",
    "statementMap": {
      "0": {
        "start": {
          "line": 2,
          "column": 21
        },
        "end": {
          "line": 2,
          "column": 26
        }
      },
      "1": {
        "start": {
          "line": 8,
          "column": 5
        },
        "end": {
          "line": 71,
          "column": 1
        }
      },
      "2": {
        "start": {
          "line": 9,
          "column": 20
        },
        "end": {
          "line": 9,
          "column": 30
        }
      },
      "3": {
        "start": {
          "line": 10,
          "column": 38
        },
        "end": {
          "line": 10,
          "column": 53
        }
      },
      "4": {
        "start": {
          "line": 12,
          "column": 2
        },
        "end": {
          "line": 32,
          "column": 9
        }
      },
      "5": {
        "start": {
          "line": 13,
          "column": 25
        },
        "end": {
          "line": 19,
          "column": 5
        }
      },
      "6": {
        "start": {
          "line": 14,
          "column": 22
        },
        "end": {
          "line": 14,
          "column": 74
        }
      },
      "7": {
        "start": {
          "line": 15,
          "column": 21
        },
        "end": {
          "line": 15,
          "column": 54
        }
      },
      "8": {
        "start": {
          "line": 18,
          "column": 6
        },
        "end": {
          "line": 18,
          "column": 69
        }
      },
      "9": {
        "start": {
          "line": 22,
          "column": 4
        },
        "end": {
          "line": 22,
          "column": 52
        }
      },
      "10": {
        "start": {
          "line": 24,
          "column": 4
        },
        "end": {
          "line": 26,
          "column": 13
        }
      },
      "11": {
        "start": {
          "line": 25,
          "column": 6
        },
        "end": {
          "line": 25,
          "column": 48
        }
      },
      "12": {
        "start": {
          "line": 29,
          "column": 4
        },
        "end": {
          "line": 31,
          "column": 6
        }
      },
      "13": {
        "start": {
          "line": 30,
          "column": 6
        },
        "end": {
          "line": 30,
          "column": 57
        }
      },
      "14": {
        "start": {
          "line": 34,
          "column": 2
        },
        "end": {
          "line": 70,
          "column": 4
        }
      }
    },
    "fnMap": {
      "0": {
        "name": "(anonymous_0)",
        "decl": {
          "start": {
            "line": 8,
            "column": 5
          },
          "end": {
            "line": 8,
            "column": 6
          }
        },
        "loc": {
          "start": {
            "line": 8,
            "column": 43
          },
          "end": {
            "line": 71,
            "column": 1
          }
        },
        "line": 8
      },
      "1": {
        "name": "(anonymous_1)",
        "decl": {
          "start": {
            "line": 12,
            "column": 12
          },
          "end": {
            "line": 12,
            "column": 13
          }
        },
        "loc": {
          "start": {
            "line": 12,
            "column": 18
          },
          "end": {
            "line": 32,
            "column": 3
          }
        },
        "line": 12
      },
      "2": {
        "name": "(anonymous_2)",
        "decl": {
          "start": {
            "line": 13,
            "column": 25
          },
          "end": {
            "line": 13,
            "column": 26
          }
        },
        "loc": {
          "start": {
            "line": 13,
            "column": 31
          },
          "end": {
            "line": 19,
            "column": 5
          }
        },
        "line": 13
      },
      "3": {
        "name": "(anonymous_3)",
        "decl": {
          "start": {
            "line": 24,
            "column": 15
          },
          "end": {
            "line": 24,
            "column": 16
          }
        },
        "loc": {
          "start": {
            "line": 24,
            "column": 21
          },
          "end": {
            "line": 26,
            "column": 5
          }
        },
        "line": 24
      },
      "4": {
        "name": "(anonymous_4)",
        "decl": {
          "start": {
            "line": 29,
            "column": 11
          },
          "end": {
            "line": 29,
            "column": 12
          }
        },
        "loc": {
          "start": {
            "line": 29,
            "column": 17
          },
          "end": {
            "line": 31,
            "column": 5
          }
        },
        "line": 29
      }
    },
    "branchMap": {
      "0": {
        "loc": {
          "start": {
            "line": 14,
            "column": 22
          },
          "end": {
            "line": 14,
            "column": 74
          }
        },
        "type": "binary-expr",
        "locations": [
          {
            "start": {
              "line": 14,
              "column": 22
            },
            "end": {
              "line": 14,
              "column": 36
            }
          },
          {
            "start": {
              "line": 14,
              "column": 40
            },
            "end": {
              "line": 14,
              "column": 74
            }
          }
        ],
        "line": 14
      },
      "1": {
        "loc": {
          "start": {
            "line": 46,
            "column": 25
          },
          "end": {
            "line": 46,
            "column": 55
          }
        },
        "type": "cond-expr",
        "locations": [
          {
            "start": {
              "line": 46,
              "column": 38
            },
            "end": {
              "line": 46,
              "column": 45
            }
          },
          {
            "start": {
              "line": 46,
              "column": 48
            },
            "end": {
              "line": 46,
              "column": 55
            }
          }
        ],
        "line": 46
      },
      "2": {
        "loc": {
          "start": {
            "line": 47,
            "column": 24
          },
          "end": {
            "line": 47,
            "column": 54
          }
        },
        "type": "cond-expr",
        "locations": [
          {
            "start": {
              "line": 47,
              "column": 38
            },
            "end": {
              "line": 47,
              "column": 45
            }
          },
          {
            "start": {
              "line": 47,
              "column": 48
            },
            "end": {
              "line": 47,
              "column": 54
            }
          }
        ],
        "line": 47
      },
      "3": {
        "loc": {
          "start": {
            "line": 59,
            "column": 27
          },
          "end": {
            "line": 59,
            "column": 54
          }
        },
        "type": "cond-expr",
        "locations": [
          {
            "start": {
              "line": 59,
              "column": 41
            },
            "end": {
              "line": 59,
              "column": 48
            }
          },
          {
            "start": {
              "line": 59,
              "column": 51
            },
            "end": {
              "line": 59,
              "column": 54
            }
          }
        ],
        "line": 59
      }
    },
    "s": {
      "0": 1,
      "1": 1,
      "2": 11,
      "3": 11,
      "4": 11,
      "5": 1,
      "6": 50,
      "7": 50,
      "8": 50,
      "9": 1,
      "10": 1,
      "11": 1,
      "12": 1,
      "13": 0,
      "14": 11
    },
    "f": {
      "0": 11,
      "1": 1,
      "2": 50,
      "3": 1,
      "4": 0
    },
    "b": {
      "0": [
        50,
        1
      ],
      "1": [
        1,
        10
      ],
      "2": [
        10,
        1
      ],
      "3": [
        10,
        1
      ]
    },
    "_coverageSchema": "1a1c01bbd47fc00a2c39e90264f33305004495a9",
    "hash": "9cff2485f0b3ed275dd49c557fa7b3b19fa821f5"
  },
  "packages/canyon-platform/src/components/old-ui/components/layout/Base.tsx": {
    "path": "packages/canyon-platform/src/components/old-ui/components/layout/Base.tsx",
    "statementMap": {
      "0": {
        "start": {
          "line": 8,
          "column": 21
        },
        "end": {
          "line": 8,
          "column": 26
        }
      },
      "1": {
        "start": {
          "line": 9,
          "column": 24
        },
        "end": {
          "line": 9,
          "column": 34
        }
      },
      "2": {
        "start": {
          "line": 26,
          "column": 52
        },
        "end": {
          "line": 192,
          "column": 1
        }
      },
      "3": {
        "start": {
          "line": 42,
          "column": 20
        },
        "end": {
          "line": 42,
          "column": 30
        }
      },
      "4": {
        "start": {
          "line": 44,
          "column": 2
        },
        "end": {
          "line": 191,
          "column": 4
        }
      },
      "5": {
        "start": {
          "line": 59,
          "column": 22
        },
        "end": {
          "line": 59,
          "column": 49
        }
      },
      "6": {
        "start": {
          "line": 81,
          "column": 24
        },
        "end": {
          "line": 81,
          "column": 48
        }
      },
      "7": {
        "start": {
          "line": 139,
          "column": 18
        },
        "end": {
          "line": 139,
          "column": 45
        }
      }
    },
    "fnMap": {
      "0": {
        "name": "(anonymous_0)",
        "decl": {
          "start": {
            "line": 26,
            "column": 52
          },
          "end": {
            "line": 26,
            "column": 53
          }
        },
        "loc": {
          "start": {
            "line": 41,
            "column": 6
          },
          "end": {
            "line": 192,
            "column": 1
          }
        },
        "line": 41
      },
      "1": {
        "name": "(anonymous_1)",
        "decl": {
          "start": {
            "line": 58,
            "column": 29
          },
          "end": {
            "line": 58,
            "column": 30
          }
        },
        "loc": {
          "start": {
            "line": 58,
            "column": 35
          },
          "end": {
            "line": 60,
            "column": 21
          }
        },
        "line": 58
      },
      "2": {
        "name": "(anonymous_2)",
        "decl": {
          "start": {
            "line": 80,
            "column": 31
          },
          "end": {
            "line": 80,
            "column": 32
          }
        },
        "loc": {
          "start": {
            "line": 80,
            "column": 37
          },
          "end": {
            "line": 82,
            "column": 23
          }
        },
        "line": 80
      },
      "3": {
        "name": "(anonymous_3)",
        "decl": {
          "start": {
            "line": 138,
            "column": 26
          },
          "end": {
            "line": 138,
            "column": 27
          }
        },
        "loc": {
          "start": {
            "line": 138,
            "column": 42
          },
          "end": {
            "line": 140,
            "column": 17
          }
        },
        "line": 138
      },
      "4": {
        "name": "(anonymous_4)",
        "decl": {
          "start": {
            "line": 150,
            "column": 27
          },
          "end": {
            "line": 150,
            "column": 28
          }
        },
        "loc": {
          "start": {
            "line": 150,
            "column": 33
          },
          "end": {
            "line": 150,
            "column": 35
          }
        },
        "line": 150
      }
    },
    "branchMap": {
      "0": {
        "loc": {
          "start": {
            "line": 27,
            "column": 2
          },
          "end": {
            "line": 27,
            "column": 18
          }
        },
        "type": "default-arg",
        "locations": [
          {
            "start": {
              "line": 27,
              "column": 10
            },
            "end": {
              "line": 27,
              "column": 18
            }
          }
        ],
        "line": 27
      },
      "1": {
        "loc": {
          "start": {
            "line": 30,
            "column": 2
          },
          "end": {
            "line": 30,
            "column": 22
          }
        },
        "type": "default-arg",
        "locations": [
          {
            "start": {
              "line": 30,
              "column": 20
            },
            "end": {
              "line": 30,
              "column": 22
            }
          }
        ],
        "line": 30
      },
      "2": {
        "loc": {
          "start": {
            "line": 40,
            "column": 2
          },
          "end": {
            "line": 40,
            "column": 23
          }
        },
        "type": "default-arg",
        "locations": [
          {
            "start": {
              "line": 40,
              "column": 15
            },
            "end": {
              "line": 40,
              "column": 23
            }
          }
        ],
        "line": 40
      },
      "3": {
        "loc": {
          "start": {
            "line": 74,
            "column": 15
          },
          "end": {
            "line": 100,
            "column": 15
          }
        },
        "type": "binary-expr",
        "locations": [
          {
            "start": {
              "line": 74,
              "column": 15
            },
            "end": {
              "line": 74,
              "column": 21
            }
          },
          {
            "start": {
              "line": 75,
              "column": 16
            },
            "end": {
              "line": 99,
              "column": 22
            }
          }
        ],
        "line": 74
      },
      "4": {
        "loc": {
          "start": {
            "line": 102,
            "column": 15
          },
          "end": {
            "line": 128,
            "column": 15
          }
        },
        "type": "binary-expr",
        "locations": [
          {
            "start": {
              "line": 102,
              "column": 15
            },
            "end": {
              "line": 102,
              "column": 22
            }
          },
          {
            "start": {
              "line": 103,
              "column": 16
            },
            "end": {
              "line": 127,
              "column": 22
            }
          }
        ],
        "line": 102
      },
      "5": {
        "loc": {
          "start": {
            "line": 165,
            "column": 23
          },
          "end": {
            "line": 165,
            "column": 45
          }
        },
        "type": "binary-expr",
        "locations": [
          {
            "start": {
              "line": 165,
              "column": 23
            },
            "end": {
              "line": 165,
              "column": 39
            }
          },
          {
            "start": {
              "line": 165,
              "column": 43
            },
            "end": {
              "line": 165,
              "column": 45
            }
          }
        ],
        "line": 165
      }
    },
    "s": {
      "0": 1,
      "1": 1,
      "2": 1,
      "3": 10,
      "4": 10,
      "5": 0,
      "6": 0,
      "7": 0
    },
    "f": {
      "0": 10,
      "1": 0,
      "2": 0,
      "3": 0,
      "4": 0
    },
    "b": {
      "0": [
        0
      ],
      "1": [
        0
      ],
      "2": [
        10
      ],
      "3": [
        10,
        0
      ],
      "4": [
        10,
        0
      ],
      "5": [
        10,
        3
      ]
    },
    "_coverageSchema": "1a1c01bbd47fc00a2c39e90264f33305004495a9",
    "hash": "48332cf1957ae3686e08fe09acd962524b9a2e59"
  },
  "packages/canyon-platform/src/components/old-ui/components/layout/index.ts": {
    "path": "packages/canyon-platform/src/components/old-ui/components/layout/index.ts",
    "statementMap": {},
    "fnMap": {},
    "branchMap": {},
    "s": {},
    "f": {},
    "b": {},
    "_coverageSchema": "1a1c01bbd47fc00a2c39e90264f33305004495a9",
    "hash": "5daac5527a45111a951a86f29124f2a166d62b28"
  },
  "packages/canyon-platform/src/components/old-ui/components/modal/GlobalSearch.tsx": {
    "path": "packages/canyon-platform/src/components/old-ui/components/modal/GlobalSearch.tsx",
    "statementMap": {
      "0": {
        "start": {
          "line": 3,
          "column": 19
        },
        "end": {
          "line": 3,
          "column": 24
        }
      },
      "1": {
        "start": {
          "line": 4,
          "column": 32
        },
        "end": {
          "line": 29,
          "column": 1
        }
      },
      "2": {
        "start": {
          "line": 5,
          "column": 26
        },
        "end": {
          "line": 5,
          "column": 41
        }
      },
      "3": {
        "start": {
          "line": 7,
          "column": 2
        },
        "end": {
          "line": 11,
          "column": 6
        }
      },
      "4": {
        "start": {
          "line": 7,
          "column": 34
        },
        "end": {
          "line": 11,
          "column": 3
        }
      },
      "5": {
        "start": {
          "line": 9,
          "column": 6
        },
        "end": {
          "line": 9,
          "column": 20
        }
      },
      "6": {
        "start": {
          "line": 13,
          "column": 2
        },
        "end": {
          "line": 28,
          "column": 4
        }
      },
      "7": {
        "start": {
          "line": 19,
          "column": 8
        },
        "end": {
          "line": 19,
          "column": 23
        }
      },
      "8": {
        "start": {
          "line": 22,
          "column": 8
        },
        "end": {
          "line": 22,
          "column": 23
        }
      }
    },
    "fnMap": {
      "0": {
        "name": "(anonymous_0)",
        "decl": {
          "start": {
            "line": 4,
            "column": 32
          },
          "end": {
            "line": 4,
            "column": 33
          }
        },
        "loc": {
          "start": {
            "line": 4,
            "column": 48
          },
          "end": {
            "line": 29,
            "column": 1
          }
        },
        "line": 4
      },
      "1": {
        "name": "(anonymous_1)",
        "decl": {
          "start": {
            "line": 7,
            "column": 27
          },
          "end": {
            "line": 7,
            "column": 28
          }
        },
        "loc": {
          "start": {
            "line": 7,
            "column": 34
          },
          "end": {
            "line": 11,
            "column": 3
          }
        },
        "line": 7
      },
      "2": {
        "name": "(anonymous_2)",
        "decl": {
          "start": {
            "line": 8,
            "column": 12
          },
          "end": {
            "line": 8,
            "column": 13
          }
        },
        "loc": {
          "start": {
            "line": 8,
            "column": 18
          },
          "end": {
            "line": 10,
            "column": 5
          }
        },
        "line": 8
      },
      "3": {
        "name": "(anonymous_3)",
        "decl": {
          "start": {
            "line": 18,
            "column": 16
          },
          "end": {
            "line": 18,
            "column": 17
          }
        },
        "loc": {
          "start": {
            "line": 18,
            "column": 22
          },
          "end": {
            "line": 20,
            "column": 7
          }
        },
        "line": 18
      },
      "4": {
        "name": "(anonymous_4)",
        "decl": {
          "start": {
            "line": 21,
            "column": 12
          },
          "end": {
            "line": 21,
            "column": 13
          }
        },
        "loc": {
          "start": {
            "line": 21,
            "column": 18
          },
          "end": {
            "line": 23,
            "column": 7
          }
        },
        "line": 21
      }
    },
    "branchMap": {},
    "s": {
      "0": 1,
      "1": 1,
      "2": 10,
      "3": 10,
      "4": 10,
      "5": 0,
      "6": 10,
      "7": 0,
      "8": 0
    },
    "f": {
      "0": 10,
      "1": 10,
      "2": 0,
      "3": 0,
      "4": 0
    },
    "b": {},
    "_coverageSchema": "1a1c01bbd47fc00a2c39e90264f33305004495a9",
    "hash": "b662417a939144eb013c16b2a57e9a02baa5ec77"
  },
  "packages/canyon-platform/src/components/old-ui/components/modal/index.ts": {
    "path": "packages/canyon-platform/src/components/old-ui/components/modal/index.ts",
    "statementMap": {},
    "fnMap": {},
    "branchMap": {},
    "s": {},
    "f": {},
    "b": {},
    "_coverageSchema": "1a1c01bbd47fc00a2c39e90264f33305004495a9",
    "hash": "8327dcaad0647cfcffe947f67a8b3e46a35b0fa6"
  },
  "packages/canyon-platform/src/assets/icons/EpTopRight.tsx": {
    "path": "packages/canyon-platform/src/assets/icons/EpTopRight.tsx",
    "statementMap": {
      "0": {
        "start": {
          "line": 5,
          "column": 2
        },
        "end": {
          "line": 22,
          "column": 4
        }
      }
    },
    "fnMap": {
      "0": {
        "name": "EpTopRight",
        "decl": {
          "start": {
            "line": 4,
            "column": 16
          },
          "end": {
            "line": 4,
            "column": 26
          }
        },
        "loc": {
          "start": {
            "line": 4,
            "column": 59
          },
          "end": {
            "line": 23,
            "column": 1
          }
        },
        "line": 4
      }
    },
    "branchMap": {},
    "s": {
      "0": 0
    },
    "f": {
      "0": 0
    },
    "b": {},
    "_coverageSchema": "1a1c01bbd47fc00a2c39e90264f33305004495a9",
    "hash": "0f568a2a5772fe180fceaeb92a4a681058a70903"
  },
  "packages/canyon-platform/src/components/old-ui/components/page/login/LoginBtn.tsx": {
    "path": "packages/canyon-platform/src/components/old-ui/components/page/login/LoginBtn.tsx",
    "statementMap": {
      "0": {
        "start": {
          "line": 10,
          "column": 5
        },
        "end": {
          "line": 45,
          "column": 1
        }
      },
      "1": {
        "start": {
          "line": 11,
          "column": 2
        },
        "end": {
          "line": 44,
          "column": 4
        }
      }
    },
    "fnMap": {
      "0": {
        "name": "(anonymous_0)",
        "decl": {
          "start": {
            "line": 10,
            "column": 5
          },
          "end": {
            "line": 10,
            "column": 6
          }
        },
        "loc": {
          "start": {
            "line": 10,
            "column": 23
          },
          "end": {
            "line": 45,
            "column": 1
          }
        },
        "line": 10
      }
    },
    "branchMap": {},
    "s": {
      "0": 1,
      "1": 0
    },
    "f": {
      "0": 0
    },
    "b": {},
    "_coverageSchema": "1a1c01bbd47fc00a2c39e90264f33305004495a9",
    "hash": "61656933ed876fb4c614027bbefc8a7ff7d8a231"
  },
  "packages/canyon-platform/src/components/old-ui/components/page/login/LoginForm.tsx": {
    "path": "packages/canyon-platform/src/components/old-ui/components/page/login/LoginForm.tsx",
    "statementMap": {
      "0": {
        "start": {
          "line": 3,
          "column": 23
        },
        "end": {
          "line": 5,
          "column": 1
        }
      },
      "1": {
        "start": {
          "line": 4,
          "column": 2
        },
        "end": {
          "line": 4,
          "column": 36
        }
      },
      "2": {
        "start": {
          "line": 15,
          "column": 5
        },
        "end": {
          "line": 91,
          "column": 1
        }
      },
      "3": {
        "start": {
          "line": 16,
          "column": 18
        },
        "end": {
          "line": 49,
          "column": 3
        }
      },
      "4": {
        "start": {
          "line": 18,
          "column": 6
        },
        "end": {
          "line": 36,
          "column": 10
        }
      },
      "5": {
        "start": {
          "line": 29,
          "column": 23
        },
        "end": {
          "line": 29,
          "column": 33
        }
      },
      "6": {
        "start": {
          "line": 31,
          "column": 10
        },
        "end": {
          "line": 35,
          "column": 11
        }
      },
      "7": {
        "start": {
          "line": 32,
          "column": 12
        },
        "end": {
          "line": 32,
          "column": 39
        }
      },
      "8": {
        "start": {
          "line": 34,
          "column": 12
        },
        "end": {
          "line": 34,
          "column": 23
        }
      },
      "9": {
        "start": {
          "line": 39,
          "column": 8
        },
        "end": {
          "line": 39,
          "column": 32
        }
      },
      "10": {
        "start": {
          "line": 40,
          "column": 8
        },
        "end": {
          "line": 40,
          "column": 25
        }
      },
      "11": {
        "start": {
          "line": 41,
          "column": 8
        },
        "end": {
          "line": 41,
          "column": 50
        }
      },
      "12": {
        "start": {
          "line": 44,
          "column": 8
        },
        "end": {
          "line": 44,
          "column": 27
        }
      },
      "13": {
        "start": {
          "line": 45,
          "column": 8
        },
        "end": {
          "line": 45,
          "column": 37
        }
      },
      "14": {
        "start": {
          "line": 50,
          "column": 17
        },
        "end": {
          "line": 50,
          "column": 31
        }
      },
      "15": {
        "start": {
          "line": 51,
          "column": 19
        },
        "end": {
          "line": 58,
          "column": 3
        }
      },
      "16": {
        "start": {
          "line": 52,
          "column": 4
        },
        "end": {
          "line": 52,
          "column": 36
        }
      },
      "17": {
        "start": {
          "line": 53,
          "column": 4
        },
        "end": {
          "line": 57,
          "column": 7
        }
      },
      "18": {
        "start": {
          "line": 59,
          "column": 2
        },
        "end": {
          "line": 90,
          "column": 4
        }
      }
    },
    "fnMap": {
      "0": {
        "name": "(anonymous_0)",
        "decl": {
          "start": {
            "line": 3,
            "column": 23
          },
          "end": {
            "line": 3,
            "column": 24
          }
        },
        "loc": {
          "start": {
            "line": 3,
            "column": 43
          },
          "end": {
            "line": 5,
            "column": 1
          }
        },
        "line": 3
      },
      "1": {
        "name": "(anonymous_1)",
        "decl": {
          "start": {
            "line": 15,
            "column": 5
          },
          "end": {
            "line": 15,
            "column": 6
          }
        },
        "loc": {
          "start": {
            "line": 15,
            "column": 29
          },
          "end": {
            "line": 91,
            "column": 1
          }
        },
        "line": 15
      },
      "2": {
        "name": "(anonymous_2)",
        "decl": {
          "start": {
            "line": 17,
            "column": 4
          },
          "end": {
            "line": 17,
            "column": 5
          }
        },
        "loc": {
          "start": {
            "line": 18,
            "column": 6
          },
          "end": {
            "line": 36,
            "column": 10
          }
        },
        "line": 18
      },
      "3": {
        "name": "(anonymous_3)",
        "decl": {
          "start": {
            "line": 29,
            "column": 14
          },
          "end": {
            "line": 29,
            "column": 15
          }
        },
        "loc": {
          "start": {
            "line": 29,
            "column": 23
          },
          "end": {
            "line": 29,
            "column": 33
          }
        },
        "line": 29
      },
      "4": {
        "name": "(anonymous_4)",
        "decl": {
          "start": {
            "line": 30,
            "column": 14
          },
          "end": {
            "line": 30,
            "column": 15
          }
        },
        "loc": {
          "start": {
            "line": 30,
            "column": 23
          },
          "end": {
            "line": 36,
            "column": 9
          }
        },
        "line": 30
      },
      "5": {
        "name": "(anonymous_5)",
        "decl": {
          "start": {
            "line": 38,
            "column": 17
          },
          "end": {
            "line": 38,
            "column": 18
          }
        },
        "loc": {
          "start": {
            "line": 38,
            "column": 27
          },
          "end": {
            "line": 42,
            "column": 7
          }
        },
        "line": 38
      },
      "6": {
        "name": "(anonymous_6)",
        "decl": {
          "start": {
            "line": 43,
            "column": 15
          },
          "end": {
            "line": 43,
            "column": 16
          }
        },
        "loc": {
          "start": {
            "line": 43,
            "column": 26
          },
          "end": {
            "line": 46,
            "column": 7
          }
        },
        "line": 43
      },
      "7": {
        "name": "(anonymous_7)",
        "decl": {
          "start": {
            "line": 51,
            "column": 19
          },
          "end": {
            "line": 51,
            "column": 20
          }
        },
        "loc": {
          "start": {
            "line": 51,
            "column": 36
          },
          "end": {
            "line": 58,
            "column": 3
          }
        },
        "line": 51
      }
    },
    "branchMap": {
      "0": {
        "loc": {
          "start": {
            "line": 31,
            "column": 10
          },
          "end": {
            "line": 35,
            "column": 11
          }
        },
        "type": "if",
        "locations": [
          {
            "start": {
              "line": 31,
              "column": 10
            },
            "end": {
              "line": 35,
              "column": 11
            }
          },
          {
            "start": {
              "line": 33,
              "column": 17
            },
            "end": {
              "line": 35,
              "column": 11
            }
          }
        ],
        "line": 31
      }
    },
    "s": {
      "0": 1,
      "1": 0,
      "2": 1,
      "3": 0,
      "4": 0,
      "5": 0,
      "6": 0,
      "7": 0,
      "8": 0,
      "9": 0,
      "10": 0,
      "11": 0,
      "12": 0,
      "13": 0,
      "14": 0,
      "15": 0,
      "16": 0,
      "17": 0,
      "18": 0
    },
    "f": {
      "0": 0,
      "1": 0,
      "2": 0,
      "3": 0,
      "4": 0,
      "5": 0,
      "6": 0,
      "7": 0
    },
    "b": {
      "0": [
        0,
        0
      ]
    },
    "_coverageSchema": "1a1c01bbd47fc00a2c39e90264f33305004495a9",
    "hash": "8bf327198fcb36ffe13680ca2eae64a325f154bd"
  },
  "packages/canyon-platform/src/components/old-ui/components/page/login/index.tsx": {
    "path": "packages/canyon-platform/src/components/old-ui/components/page/login/index.tsx",
    "statementMap": {
      "0": {
        "start": {
          "line": 10,
          "column": 18
        },
        "end": {
          "line": 10,
          "column": 28
        }
      },
      "1": {
        "start": {
          "line": 17,
          "column": 5
        },
        "end": {
          "line": 77,
          "column": 1
        }
      },
      "2": {
        "start": {
          "line": 18,
          "column": 2
        },
        "end": {
          "line": 76,
          "column": 4
        }
      }
    },
    "fnMap": {
      "0": {
        "name": "(anonymous_0)",
        "decl": {
          "start": {
            "line": 17,
            "column": 5
          },
          "end": {
            "line": 17,
            "column": 6
          }
        },
        "loc": {
          "start": {
            "line": 17,
            "column": 55
          },
          "end": {
            "line": 77,
            "column": 1
          }
        },
        "line": 17
      }
    },
    "branchMap": {
      "0": {
        "loc": {
          "start": {
            "line": 35,
            "column": 18
          },
          "end": {
            "line": 42,
            "column": 19
          }
        },
        "type": "binary-expr",
        "locations": [
          {
            "start": {
              "line": 35,
              "column": 18
            },
            "end": {
              "line": 35,
              "column": 26
            }
          },
          {
            "start": {
              "line": 36,
              "column": 20
            },
            "end": {
              "line": 41,
              "column": 26
            }
          }
        ],
        "line": 35
      }
    },
    "s": {
      "0": 1,
      "1": 1,
      "2": 0
    },
    "f": {
      "0": 0
    },
    "b": {
      "0": [
        0,
        0
      ]
    },
    "_coverageSchema": "1a1c01bbd47fc00a2c39e90264f33305004495a9",
    "hash": "48f203f5e1c0dd1a079aca257e9ba2738692d54b"
  },
  "packages/canyon-platform/src/components/old-ui/components/page/Oauth.tsx": {
    "path": "packages/canyon-platform/src/components/old-ui/components/page/Oauth.tsx",
    "statementMap": {
      "0": {
        "start": {
          "line": 3,
          "column": 24
        },
        "end": {
          "line": 31,
          "column": 1
        }
      },
      "1": {
        "start": {
          "line": 4,
          "column": 18
        },
        "end": {
          "line": 25,
          "column": 8
        }
      },
      "2": {
        "start": {
          "line": 5,
          "column": 4
        },
        "end": {
          "line": 25,
          "column": 8
        }
      },
      "3": {
        "start": {
          "line": 15,
          "column": 21
        },
        "end": {
          "line": 15,
          "column": 31
        }
      },
      "4": {
        "start": {
          "line": 17,
          "column": 8
        },
        "end": {
          "line": 24,
          "column": 9
        }
      },
      "5": {
        "start": {
          "line": 18,
          "column": 10
        },
        "end": {
          "line": 18,
          "column": 37
        }
      },
      "6": {
        "start": {
          "line": 19,
          "column": 10
        },
        "end": {
          "line": 19,
          "column": 31
        }
      },
      "7": {
        "start": {
          "line": 20,
          "column": 10
        },
        "end": {
          "line": 20,
          "column": 24
        }
      },
      "8": {
        "start": {
          "line": 22,
          "column": 10
        },
        "end": {
          "line": 22,
          "column": 51
        }
      },
      "9": {
        "start": {
          "line": 23,
          "column": 10
        },
        "end": {
          "line": 23,
          "column": 73
        }
      },
      "10": {
        "start": {
          "line": 26,
          "column": 2
        },
        "end": {
          "line": 28,
          "column": 9
        }
      },
      "11": {
        "start": {
          "line": 27,
          "column": 4
        },
        "end": {
          "line": 27,
          "column": 32
        }
      },
      "12": {
        "start": {
          "line": 30,
          "column": 2
        },
        "end": {
          "line": 30,
          "column": 52
        }
      }
    },
    "fnMap": {
      "0": {
        "name": "(anonymous_0)",
        "decl": {
          "start": {
            "line": 3,
            "column": 24
          },
          "end": {
            "line": 3,
            "column": 25
          }
        },
        "loc": {
          "start": {
            "line": 3,
            "column": 62
          },
          "end": {
            "line": 31,
            "column": 1
          }
        },
        "line": 3
      },
      "1": {
        "name": "(anonymous_1)",
        "decl": {
          "start": {
            "line": 4,
            "column": 18
          },
          "end": {
            "line": 4,
            "column": 19
          }
        },
        "loc": {
          "start": {
            "line": 5,
            "column": 4
          },
          "end": {
            "line": 25,
            "column": 8
          }
        },
        "line": 5
      },
      "2": {
        "name": "(anonymous_2)",
        "decl": {
          "start": {
            "line": 15,
            "column": 12
          },
          "end": {
            "line": 15,
            "column": 13
          }
        },
        "loc": {
          "start": {
            "line": 15,
            "column": 21
          },
          "end": {
            "line": 15,
            "column": 31
          }
        },
        "line": 15
      },
      "3": {
        "name": "(anonymous_3)",
        "decl": {
          "start": {
            "line": 16,
            "column": 12
          },
          "end": {
            "line": 16,
            "column": 13
          }
        },
        "loc": {
          "start": {
            "line": 16,
            "column": 21
          },
          "end": {
            "line": 25,
            "column": 7
          }
        },
        "line": 16
      },
      "4": {
        "name": "(anonymous_4)",
        "decl": {
          "start": {
            "line": 26,
            "column": 12
          },
          "end": {
            "line": 26,
            "column": 13
          }
        },
        "loc": {
          "start": {
            "line": 26,
            "column": 18
          },
          "end": {
            "line": 28,
            "column": 3
          }
        },
        "line": 26
      }
    },
    "branchMap": {
      "0": {
        "loc": {
          "start": {
            "line": 17,
            "column": 8
          },
          "end": {
            "line": 24,
            "column": 9
          }
        },
        "type": "if",
        "locations": [
          {
            "start": {
              "line": 17,
              "column": 8
            },
            "end": {
              "line": 24,
              "column": 9
            }
          },
          {
            "start": {
              "line": 21,
              "column": 15
            },
            "end": {
              "line": 24,
              "column": 9
            }
          }
        ],
        "line": 17
      },
      "1": {
        "loc": {
          "start": {
            "line": 23,
            "column": 33
          },
          "end": {
            "line": 23,
            "column": 72
          }
        },
        "type": "binary-expr",
        "locations": [
          {
            "start": {
              "line": 23,
              "column": 33
            },
            "end": {
              "line": 23,
              "column": 65
            }
          },
          {
            "start": {
              "line": 23,
              "column": 69
            },
            "end": {
              "line": 23,
              "column": 72
            }
          }
        ],
        "line": 23
      }
    },
    "s": {
      "0": 1,
      "1": 0,
      "2": 0,
      "3": 0,
      "4": 0,
      "5": 0,
      "6": 0,
      "7": 0,
      "8": 0,
      "9": 0,
      "10": 0,
      "11": 0,
      "12": 0
    },
    "f": {
      "0": 0,
      "1": 0,
      "2": 0,
      "3": 0,
      "4": 0
    },
    "b": {
      "0": [
        0,
        0
      ],
      "1": [
        0,
        0
      ]
    },
    "_coverageSchema": "1a1c01bbd47fc00a2c39e90264f33305004495a9",
    "hash": "3e34ce6725ee23cb3094dfb5e0bf54ab24c1abb0"
  },
  "packages/canyon-platform/src/components/old-ui/components/page/index.ts": {
    "path": "packages/canyon-platform/src/components/old-ui/components/page/index.ts",
    "statementMap": {},
    "fnMap": {},
    "branchMap": {},
    "s": {},
    "f": {},
    "b": {},
    "_coverageSchema": "1a1c01bbd47fc00a2c39e90264f33305004495a9",
    "hash": "4627bfda65037e4f52d0971154e3855edc51822d"
  },
  "packages/canyon-platform/src/components/old-ui/components/index.ts": {
    "path": "packages/canyon-platform/src/components/old-ui/components/index.ts",
    "statementMap": {},
    "fnMap": {},
    "branchMap": {},
    "s": {},
    "f": {},
    "b": {},
    "_coverageSchema": "1a1c01bbd47fc00a2c39e90264f33305004495a9",
    "hash": "b8588f6fa9449563540107830885e3064553a980"
  },
  "packages/canyon-platform/src/components/old-ui/index.ts": {
    "path": "packages/canyon-platform/src/components/old-ui/index.ts",
    "statementMap": {},
    "fnMap": {},
    "branchMap": {},
    "s": {},
    "f": {},
    "b": {},
    "_coverageSchema": "1a1c01bbd47fc00a2c39e90264f33305004495a9",
    "hash": "c60bb49d7de06fb024ca447145fba01f313a9334"
  },
  "packages/canyon-platform/src/helpers/backend/gen/graphql.ts": {
    "path": "packages/canyon-platform/src/helpers/backend/gen/graphql.ts",
    "statementMap": {
      "0": {
        "start": {
          "line": 471,
          "column": 37
        },
        "end": {
          "line": 471,
          "column": 1435
        }
      },
      "1": {
        "start": {
          "line": 472,
          "column": 37
        },
        "end": {
          "line": 472,
          "column": 1102
        }
      },
      "2": {
        "start": {
          "line": 473,
          "column": 43
        },
        "end": {
          "line": 473,
          "column": 1264
        }
      },
      "3": {
        "start": {
          "line": 474,
          "column": 36
        },
        "end": {
          "line": 474,
          "column": 1770
        }
      },
      "4": {
        "start": {
          "line": 475,
          "column": 37
        },
        "end": {
          "line": 475,
          "column": 2876
        }
      },
      "5": {
        "start": {
          "line": 476,
          "column": 39
        },
        "end": {
          "line": 476,
          "column": 1115
        }
      },
      "6": {
        "start": {
          "line": 477,
          "column": 38
        },
        "end": {
          "line": 477,
          "column": 2083
        }
      },
      "7": {
        "start": {
          "line": 478,
          "column": 43
        },
        "end": {
          "line": 478,
          "column": 1386
        }
      },
      "8": {
        "start": {
          "line": 479,
          "column": 49
        },
        "end": {
          "line": 479,
          "column": 1027
        }
      },
      "9": {
        "start": {
          "line": 480,
          "column": 51
        },
        "end": {
          "line": 480,
          "column": 1843
        }
      },
      "10": {
        "start": {
          "line": 481,
          "column": 41
        },
        "end": {
          "line": 481,
          "column": 3288
        }
      },
      "11": {
        "start": {
          "line": 482,
          "column": 35
        },
        "end": {
          "line": 482,
          "column": 4256
        }
      },
      "12": {
        "start": {
          "line": 483,
          "column": 44
        },
        "end": {
          "line": 483,
          "column": 625
        }
      },
      "13": {
        "start": {
          "line": 484,
          "column": 45
        },
        "end": {
          "line": 484,
          "column": 576
        }
      },
      "14": {
        "start": {
          "line": 485,
          "column": 32
        },
        "end": {
          "line": 485,
          "column": 624
        }
      },
      "15": {
        "start": {
          "line": 486,
          "column": 26
        },
        "end": {
          "line": 486,
          "column": 1010
        }
      }
    },
    "fnMap": {},
    "branchMap": {},
    "s": {
      "0": 1,
      "1": 1,
      "2": 1,
      "3": 1,
      "4": 1,
      "5": 1,
      "6": 1,
      "7": 1,
      "8": 1,
      "9": 1,
      "10": 1,
      "11": 1,
      "12": 1,
      "13": 1,
      "14": 1,
      "15": 1
    },
    "f": {},
    "b": {},
    "_coverageSchema": "1a1c01bbd47fc00a2c39e90264f33305004495a9",
    "hash": "c641a2e90572773b23dde0ac8e9208a71d84a3fd"
  },
  "packages/canyon-platform/src/layouts/genBreadcrumbItems.tsx": {
    "path": "packages/canyon-platform/src/layouts/genBreadcrumbItems.tsx",
    "statementMap": {
      "0": {
        "start": {
          "line": 4,
          "column": 2
        },
        "end": {
          "line": 10,
          "column": 3
        }
      },
      "1": {
        "start": {
          "line": 9,
          "column": 4
        },
        "end": {
          "line": 9,
          "column": 16
        }
      },
      "2": {
        "start": {
          "line": 15,
          "column": 16
        },
        "end": {
          "line": 15,
          "column": 32
        }
      },
      "3": {
        "start": {
          "line": 17,
          "column": 14
        },
        "end": {
          "line": 17,
          "column": 27
        }
      },
      "4": {
        "start": {
          "line": 18,
          "column": 2
        },
        "end": {
          "line": 90,
          "column": 3
        }
      },
      "5": {
        "start": {
          "line": 19,
          "column": 4
        },
        "end": {
          "line": 29,
          "column": 6
        }
      },
      "6": {
        "start": {
          "line": 23,
          "column": 10
        },
        "end": {
          "line": 23,
          "column": 27
        }
      },
      "7": {
        "start": {
          "line": 30,
          "column": 9
        },
        "end": {
          "line": 90,
          "column": 3
        }
      },
      "8": {
        "start": {
          "line": 31,
          "column": 4
        },
        "end": {
          "line": 58,
          "column": 6
        }
      },
      "9": {
        "start": {
          "line": 35,
          "column": 10
        },
        "end": {
          "line": 35,
          "column": 27
        }
      },
      "10": {
        "start": {
          "line": 43,
          "column": 24
        },
        "end": {
          "line": 43,
          "column": 45
        }
      },
      "11": {
        "start": {
          "line": 45,
          "column": 24
        },
        "end": {
          "line": 45,
          "column": 45
        }
      },
      "12": {
        "start": {
          "line": 46,
          "column": 10
        },
        "end": {
          "line": 51,
          "column": 11
        }
      },
      "13": {
        "start": {
          "line": 47,
          "column": 30
        },
        "end": {
          "line": 47,
          "column": 38
        }
      },
      "14": {
        "start": {
          "line": 48,
          "column": 12
        },
        "end": {
          "line": 48,
          "column": 42
        }
      },
      "15": {
        "start": {
          "line": 50,
          "column": 12
        },
        "end": {
          "line": 50,
          "column": 38
        }
      },
      "16": {
        "start": {
          "line": 59,
          "column": 9
        },
        "end": {
          "line": 90,
          "column": 3
        }
      },
      "17": {
        "start": {
          "line": 60,
          "column": 4
        },
        "end": {
          "line": 87,
          "column": 6
        }
      },
      "18": {
        "start": {
          "line": 64,
          "column": 10
        },
        "end": {
          "line": 64,
          "column": 27
        }
      },
      "19": {
        "start": {
          "line": 72,
          "column": 24
        },
        "end": {
          "line": 72,
          "column": 45
        }
      },
      "20": {
        "start": {
          "line": 74,
          "column": 24
        },
        "end": {
          "line": 74,
          "column": 45
        }
      },
      "21": {
        "start": {
          "line": 75,
          "column": 10
        },
        "end": {
          "line": 80,
          "column": 11
        }
      },
      "22": {
        "start": {
          "line": 76,
          "column": 30
        },
        "end": {
          "line": 76,
          "column": 38
        }
      },
      "23": {
        "start": {
          "line": 77,
          "column": 12
        },
        "end": {
          "line": 77,
          "column": 42
        }
      },
      "24": {
        "start": {
          "line": 79,
          "column": 12
        },
        "end": {
          "line": 79,
          "column": 38
        }
      },
      "25": {
        "start": {
          "line": 89,
          "column": 4
        },
        "end": {
          "line": 89,
          "column": 14
        }
      }
    },
    "fnMap": {
      "0": {
        "name": "matchPattern",
        "decl": {
          "start": {
            "line": 3,
            "column": 9
          },
          "end": {
            "line": 3,
            "column": 21
          }
        },
        "loc": {
          "start": {
            "line": 3,
            "column": 35
          },
          "end": {
            "line": 11,
            "column": 1
          }
        },
        "line": 3
      },
      "1": {
        "name": "genBreadcrumbItems",
        "decl": {
          "start": {
            "line": 13,
            "column": 16
          },
          "end": {
            "line": 13,
            "column": 34
          }
        },
        "loc": {
          "start": {
            "line": 13,
            "column": 53
          },
          "end": {
            "line": 91,
            "column": 1
          }
        },
        "line": 13
      },
      "2": {
        "name": "(anonymous_2)",
        "decl": {
          "start": {
            "line": 22,
            "column": 8
          },
          "end": {
            "line": 22,
            "column": 9
          }
        },
        "loc": {
          "start": {
            "line": 22,
            "column": 18
          },
          "end": {
            "line": 24,
            "column": 9
          }
        },
        "line": 22
      },
      "3": {
        "name": "(anonymous_3)",
        "decl": {
          "start": {
            "line": 34,
            "column": 8
          },
          "end": {
            "line": 34,
            "column": 9
          }
        },
        "loc": {
          "start": {
            "line": 34,
            "column": 18
          },
          "end": {
            "line": 36,
            "column": 9
          }
        },
        "line": 34
      },
      "4": {
        "name": "(anonymous_4)",
        "decl": {
          "start": {
            "line": 42,
            "column": 8
          },
          "end": {
            "line": 42,
            "column": 9
          }
        },
        "loc": {
          "start": {
            "line": 42,
            "column": 18
          },
          "end": {
            "line": 52,
            "column": 9
          }
        },
        "line": 42
      },
      "5": {
        "name": "(anonymous_5)",
        "decl": {
          "start": {
            "line": 63,
            "column": 8
          },
          "end": {
            "line": 63,
            "column": 9
          }
        },
        "loc": {
          "start": {
            "line": 63,
            "column": 18
          },
          "end": {
            "line": 65,
            "column": 9
          }
        },
        "line": 63
      },
      "6": {
        "name": "(anonymous_6)",
        "decl": {
          "start": {
            "line": 71,
            "column": 8
          },
          "end": {
            "line": 71,
            "column": 9
          }
        },
        "loc": {
          "start": {
            "line": 71,
            "column": 18
          },
          "end": {
            "line": 81,
            "column": 9
          }
        },
        "line": 71
      }
    },
    "branchMap": {
      "0": {
        "loc": {
          "start": {
            "line": 4,
            "column": 2
          },
          "end": {
            "line": 10,
            "column": 3
          }
        },
        "type": "if",
        "locations": [
          {
            "start": {
              "line": 4,
              "column": 2
            },
            "end": {
              "line": 10,
              "column": 3
            }
          },
          {
            "start": {},
            "end": {}
          }
        ],
        "line": 4
      },
      "1": {
        "loc": {
          "start": {
            "line": 5,
            "column": 4
          },
          "end": {
            "line": 7,
            "column": 40
          }
        },
        "type": "binary-expr",
        "locations": [
          {
            "start": {
              "line": 5,
              "column": 4
            },
            "end": {
              "line": 5,
              "column": 28
            }
          },
          {
            "start": {
              "line": 6,
              "column": 4
            },
            "end": {
              "line": 6,
              "column": 31
            }
          },
          {
            "start": {
              "line": 7,
              "column": 4
            },
            "end": {
              "line": 7,
              "column": 40
            }
          }
        ],
        "line": 5
      },
      "2": {
        "loc": {
          "start": {
            "line": 18,
            "column": 2
          },
          "end": {
            "line": 90,
            "column": 3
          }
        },
        "type": "if",
        "locations": [
          {
            "start": {
              "line": 18,
              "column": 2
            },
            "end": {
              "line": 90,
              "column": 3
            }
          },
          {
            "start": {
              "line": 30,
              "column": 9
            },
            "end": {
              "line": 90,
              "column": 3
            }
          }
        ],
        "line": 18
      },
      "3": {
        "loc": {
          "start": {
            "line": 30,
            "column": 9
          },
          "end": {
            "line": 90,
            "column": 3
          }
        },
        "type": "if",
        "locations": [
          {
            "start": {
              "line": 30,
              "column": 9
            },
            "end": {
              "line": 90,
              "column": 3
            }
          },
          {
            "start": {
              "line": 59,
              "column": 9
            },
            "end": {
              "line": 90,
              "column": 3
            }
          }
        ],
        "line": 30
      },
      "4": {
        "loc": {
          "start": {
            "line": 46,
            "column": 10
          },
          "end": {
            "line": 51,
            "column": 11
          }
        },
        "type": "if",
        "locations": [
          {
            "start": {
              "line": 46,
              "column": 10
            },
            "end": {
              "line": 51,
              "column": 11
            }
          },
          {
            "start": {
              "line": 49,
              "column": 17
            },
            "end": {
              "line": 51,
              "column": 11
            }
          }
        ],
        "line": 46
      },
      "5": {
        "loc": {
          "start": {
            "line": 59,
            "column": 9
          },
          "end": {
            "line": 90,
            "column": 3
          }
        },
        "type": "if",
        "locations": [
          {
            "start": {
              "line": 59,
              "column": 9
            },
            "end": {
              "line": 90,
              "column": 3
            }
          },
          {
            "start": {
              "line": 88,
              "column": 9
            },
            "end": {
              "line": 90,
              "column": 3
            }
          }
        ],
        "line": 59
      },
      "6": {
        "loc": {
          "start": {
            "line": 75,
            "column": 10
          },
          "end": {
            "line": 80,
            "column": 11
          }
        },
        "type": "if",
        "locations": [
          {
            "start": {
              "line": 75,
              "column": 10
            },
            "end": {
              "line": 80,
              "column": 11
            }
          },
          {
            "start": {
              "line": 78,
              "column": 17
            },
            "end": {
              "line": 80,
              "column": 11
            }
          }
        ],
        "line": 75
      }
    },
    "s": {
      "0": 10,
      "1": 4,
      "2": 10,
      "3": 10,
      "4": 10,
      "5": 4,
      "6": 0,
      "7": 6,
      "8": 2,
      "9": 0,
      "10": 1,
      "11": 1,
      "12": 1,
      "13": 1,
      "14": 1,
      "15": 0,
      "16": 4,
      "17": 0,
      "18": 0,
      "19": 0,
      "20": 0,
      "21": 0,
      "22": 0,
      "23": 0,
      "24": 0,
      "25": 4
    },
    "f": {
      "0": 10,
      "1": 10,
      "2": 0,
      "3": 0,
      "4": 1,
      "5": 0,
      "6": 0
    },
    "b": {
      "0": [
        4,
        6
      ],
      "1": [
        10,
        9,
        4
      ],
      "2": [
        4,
        6
      ],
      "3": [
        2,
        4
      ],
      "4": [
        1,
        0
      ],
      "5": [
        0,
        4
      ],
      "6": [
        0,
        0
      ]
    },
    "_coverageSchema": "1a1c01bbd47fc00a2c39e90264f33305004495a9",
    "hash": "606027bb34b6872c5194dfe7ee1f09ec06f63977"
  },
  "packages/canyon-platform/src/layouts/genTitle.ts": {
    "path": "packages/canyon-platform/src/layouts/genTitle.ts",
    "statementMap": {
      "0": {
        "start": {
          "line": 2,
          "column": 2
        },
        "end": {
          "line": 8,
          "column": 3
        }
      },
      "1": {
        "start": {
          "line": 7,
          "column": 4
        },
        "end": {
          "line": 7,
          "column": 16
        }
      },
      "2": {
        "start": {
          "line": 10,
          "column": 24
        },
        "end": {
          "line": 21,
          "column": 1
        }
      },
      "3": {
        "start": {
          "line": 11,
          "column": 2
        },
        "end": {
          "line": 19,
          "column": 3
        }
      },
      "4": {
        "start": {
          "line": 12,
          "column": 4
        },
        "end": {
          "line": 12,
          "column": 73
        }
      },
      "5": {
        "start": {
          "line": 13,
          "column": 9
        },
        "end": {
          "line": 19,
          "column": 3
        }
      },
      "6": {
        "start": {
          "line": 14,
          "column": 4
        },
        "end": {
          "line": 14,
          "column": 81
        }
      },
      "7": {
        "start": {
          "line": 15,
          "column": 9
        },
        "end": {
          "line": 19,
          "column": 3
        }
      },
      "8": {
        "start": {
          "line": 16,
          "column": 4
        },
        "end": {
          "line": 16,
          "column": 74
        }
      },
      "9": {
        "start": {
          "line": 17,
          "column": 9
        },
        "end": {
          "line": 19,
          "column": 3
        }
      },
      "10": {
        "start": {
          "line": 18,
          "column": 4
        },
        "end": {
          "line": 18,
          "column": 31
        }
      },
      "11": {
        "start": {
          "line": 20,
          "column": 2
        },
        "end": {
          "line": 20,
          "column": 18
        }
      }
    },
    "fnMap": {
      "0": {
        "name": "matchPattern",
        "decl": {
          "start": {
            "line": 1,
            "column": 9
          },
          "end": {
            "line": 1,
            "column": 21
          }
        },
        "loc": {
          "start": {
            "line": 1,
            "column": 35
          },
          "end": {
            "line": 9,
            "column": 1
          }
        },
        "line": 1
      },
      "1": {
        "name": "(anonymous_1)",
        "decl": {
          "start": {
            "line": 10,
            "column": 24
          },
          "end": {
            "line": 10,
            "column": 25
          }
        },
        "loc": {
          "start": {
            "line": 10,
            "column": 46
          },
          "end": {
            "line": 21,
            "column": 1
          }
        },
        "line": 10
      }
    },
    "branchMap": {
      "0": {
        "loc": {
          "start": {
            "line": 2,
            "column": 2
          },
          "end": {
            "line": 8,
            "column": 3
          }
        },
        "type": "if",
        "locations": [
          {
            "start": {
              "line": 2,
              "column": 2
            },
            "end": {
              "line": 8,
              "column": 3
            }
          },
          {
            "start": {},
            "end": {}
          }
        ],
        "line": 2
      },
      "1": {
        "loc": {
          "start": {
            "line": 3,
            "column": 4
          },
          "end": {
            "line": 5,
            "column": 40
          }
        },
        "type": "binary-expr",
        "locations": [
          {
            "start": {
              "line": 3,
              "column": 4
            },
            "end": {
              "line": 3,
              "column": 28
            }
          },
          {
            "start": {
              "line": 4,
              "column": 4
            },
            "end": {
              "line": 4,
              "column": 31
            }
          },
          {
            "start": {
              "line": 5,
              "column": 4
            },
            "end": {
              "line": 5,
              "column": 40
            }
          }
        ],
        "line": 3
      },
      "2": {
        "loc": {
          "start": {
            "line": 11,
            "column": 2
          },
          "end": {
            "line": 19,
            "column": 3
          }
        },
        "type": "if",
        "locations": [
          {
            "start": {
              "line": 11,
              "column": 2
            },
            "end": {
              "line": 19,
              "column": 3
            }
          },
          {
            "start": {
              "line": 13,
              "column": 9
            },
            "end": {
              "line": 19,
              "column": 3
            }
          }
        ],
        "line": 11
      },
      "3": {
        "loc": {
          "start": {
            "line": 13,
            "column": 9
          },
          "end": {
            "line": 19,
            "column": 3
          }
        },
        "type": "if",
        "locations": [
          {
            "start": {
              "line": 13,
              "column": 9
            },
            "end": {
              "line": 19,
              "column": 3
            }
          },
          {
            "start": {
              "line": 15,
              "column": 9
            },
            "end": {
              "line": 19,
              "column": 3
            }
          }
        ],
        "line": 13
      },
      "4": {
        "loc": {
          "start": {
            "line": 15,
            "column": 9
          },
          "end": {
            "line": 19,
            "column": 3
          }
        },
        "type": "if",
        "locations": [
          {
            "start": {
              "line": 15,
              "column": 9
            },
            "end": {
              "line": 19,
              "column": 3
            }
          },
          {
            "start": {
              "line": 17,
              "column": 9
            },
            "end": {
              "line": 19,
              "column": 3
            }
          }
        ],
        "line": 15
      },
      "5": {
        "loc": {
          "start": {
            "line": 17,
            "column": 9
          },
          "end": {
            "line": 19,
            "column": 3
          }
        },
        "type": "if",
        "locations": [
          {
            "start": {
              "line": 17,
              "column": 9
            },
            "end": {
              "line": 19,
              "column": 3
            }
          },
          {
            "start": {},
            "end": {}
          }
        ],
        "line": 17
      }
    },
    "s": {
      "0": 5,
      "1": 2,
      "2": 1,
      "3": 5,
      "4": 2,
      "5": 3,
      "6": 1,
      "7": 2,
      "8": 0,
      "9": 2,
      "10": 0,
      "11": 2
    },
    "f": {
      "0": 5,
      "1": 5
    },
    "b": {
      "0": [
        2,
        3
      ],
      "1": [
        5,
        4,
        2
      ],
      "2": [
        2,
        3
      ],
      "3": [
        1,
        2
      ],
      "4": [
        0,
        2
      ],
      "5": [
        0,
        2
      ]
    },
    "_coverageSchema": "1a1c01bbd47fc00a2c39e90264f33305004495a9",
    "hash": "bc26d0215a1e8806d3647f7770329b906b197237"
  },
  "packages/canyon-platform/src/pages/index.tsx": {
    "path": "packages/canyon-platform/src/pages/index.tsx",
    "statementMap": {
      "0": {
        "start": {
          "line": 21,
          "column": 14
        },
        "end": {
          "line": 21,
          "column": 54
        }
      },
      "1": {
        "start": {
          "line": 24,
          "column": 16
        },
        "end": {
          "line": 24,
          "column": 32
        }
      },
      "2": {
        "start": {
          "line": 25,
          "column": 2
        },
        "end": {
          "line": 31,
          "column": 9
        }
      },
      "3": {
        "start": {
          "line": 26,
          "column": 4
        },
        "end": {
          "line": 30,
          "column": 5
        }
      },
      "4": {
        "start": {
          "line": 27,
          "column": 6
        },
        "end": {
          "line": 27,
          "column": 27
        }
      },
      "5": {
        "start": {
          "line": 28,
          "column": 6
        },
        "end": {
          "line": 28,
          "column": 61
        }
      },
      "6": {
        "start": {
          "line": 29,
          "column": 6
        },
        "end": {
          "line": 29,
          "column": 20
        }
      },
      "7": {
        "start": {
          "line": 33,
          "column": 14
        },
        "end": {
          "line": 33,
          "column": 27
        }
      },
      "8": {
        "start": {
          "line": 34,
          "column": 14
        },
        "end": {
          "line": 34,
          "column": 27
        }
      },
      "9": {
        "start": {
          "line": 36,
          "column": 2
        },
        "end": {
          "line": 71,
          "column": 21
        }
      },
      "10": {
        "start": {
          "line": 37,
          "column": 4
        },
        "end": {
          "line": 39,
          "column": 5
        }
      },
      "11": {
        "start": {
          "line": 38,
          "column": 6
        },
        "end": {
          "line": 38,
          "column": 23
        }
      },
      "12": {
        "start": {
          "line": 40,
          "column": 4
        },
        "end": {
          "line": 40,
          "column": 44
        }
      },
      "13": {
        "start": {
          "line": 42,
          "column": 4
        },
        "end": {
          "line": 70,
          "column": 5
        }
      },
      "14": {
        "start": {
          "line": 44,
          "column": 6
        },
        "end": {
          "line": 67,
          "column": 7
        }
      },
      "15": {
        "start": {
          "line": 46,
          "column": 8
        },
        "end": {
          "line": 66,
          "column": 11
        }
      },
      "16": {
        "start": {
          "line": 73,
          "column": 2
        },
        "end": {
          "line": 75,
          "column": 21
        }
      },
      "17": {
        "start": {
          "line": 74,
          "column": 4
        },
        "end": {
          "line": 74,
          "column": 54
        }
      },
      "18": {
        "start": {
          "line": 76,
          "column": 27
        },
        "end": {
          "line": 76,
          "column": 47
        }
      },
      "19": {
        "start": {
          "line": 77,
          "column": 2
        },
        "end": {
          "line": 79,
          "column": 15
        }
      },
      "20": {
        "start": {
          "line": 78,
          "column": 4
        },
        "end": {
          "line": 78,
          "column": 64
        }
      },
      "21": {
        "start": {
          "line": 80,
          "column": 29
        },
        "end": {
          "line": 88,
          "column": 3
        }
      },
      "22": {
        "start": {
          "line": 81,
          "column": 10
        },
        "end": {
          "line": 81,
          "column": 57
        }
      },
      "23": {
        "start": {
          "line": 81,
          "column": 52
        },
        "end": {
          "line": 81,
          "column": 56
        }
      },
      "24": {
        "start": {
          "line": 85,
          "column": 8
        },
        "end": {
          "line": 85,
          "column": 44
        }
      },
      "25": {
        "start": {
          "line": 89,
          "column": 48
        },
        "end": {
          "line": 89,
          "column": 76
        }
      },
      "26": {
        "start": {
          "line": 91,
          "column": 2
        },
        "end": {
          "line": 91,
          "column": 51
        }
      },
      "27": {
        "start": {
          "line": 92,
          "column": 2
        },
        "end": {
          "line": 182,
          "column": 4
        }
      },
      "28": {
        "start": {
          "line": 114,
          "column": 14
        },
        "end": {
          "line": 114,
          "column": 35
        }
      },
      "29": {
        "start": {
          "line": 115,
          "column": 14
        },
        "end": {
          "line": 115,
          "column": 46
        }
      },
      "30": {
        "start": {
          "line": 122,
          "column": 10
        },
        "end": {
          "line": 122,
          "column": 61
        }
      },
      "31": {
        "start": {
          "line": 155,
          "column": 10
        },
        "end": {
          "line": 155,
          "column": 45
        }
      },
      "32": {
        "start": {
          "line": 156,
          "column": 10
        },
        "end": {
          "line": 156,
          "column": 36
        }
      }
    },
    "fnMap": {
      "0": {
        "name": "Index",
        "decl": {
          "start": {
            "line": 23,
            "column": 9
          },
          "end": {
            "line": 23,
            "column": 14
          }
        },
        "loc": {
          "start": {
            "line": 23,
            "column": 17
          },
          "end": {
            "line": 183,
            "column": 1
          }
        },
        "line": 23
      },
      "1": {
        "name": "(anonymous_1)",
        "decl": {
          "start": {
            "line": 25,
            "column": 12
          },
          "end": {
            "line": 25,
            "column": 13
          }
        },
        "loc": {
          "start": {
            "line": 25,
            "column": 18
          },
          "end": {
            "line": 31,
            "column": 3
          }
        },
        "line": 25
      },
      "2": {
        "name": "(anonymous_2)",
        "decl": {
          "start": {
            "line": 36,
            "column": 12
          },
          "end": {
            "line": 36,
            "column": 13
          }
        },
        "loc": {
          "start": {
            "line": 36,
            "column": 18
          },
          "end": {
            "line": 71,
            "column": 3
          }
        },
        "line": 36
      },
      "3": {
        "name": "(anonymous_3)",
        "decl": {
          "start": {
            "line": 73,
            "column": 12
          },
          "end": {
            "line": 73,
            "column": 13
          }
        },
        "loc": {
          "start": {
            "line": 73,
            "column": 18
          },
[...]
          "line": 29,
          "column": 45
        }
      },
      "7": {
        "start": {
          "line": 32,
          "column": 20
        },
        "end": {
          "line": 35,
          "column": 22
        }
      },
      "8": {
        "start": {
          "line": 51,
          "column": 20
        },
        "end": {
          "line": 51,
          "column": 57
        }
      },
      "9": {
        "start": {
          "line": 52,
          "column": 20
        },
        "end": {
          "line": 52,
          "column": 45
        }
      },
      "10": {
        "start": {
          "line": 76,
          "column": 14
        },
        "end": {
          "line": 76,
          "column": 56
        }
      },
      "11": {
        "start": {
          "line": 77,
          "column": 14
        },
        "end": {
          "line": 77,
          "column": 54
        }
      }
    },
    "fnMap": {
      "0": {
        "name": "(anonymous_0)",
        "decl": {
          "start": {
            "line": 13,
            "column": 17
          },
          "end": {
            "line": 13,
            "column": 18
          }
        },
        "loc": {
          "start": {
            "line": 13,
            "column": 23
          },
          "end": {
            "line": 88,
            "column": 1
          }
        },
        "line": 13
      },
      "1": {
        "name": "(anonymous_1)",
        "decl": {
          "start": {
            "line": 27,
            "column": 28
          },
          "end": {
            "line": 27,
            "column": 29
          }
        },
        "loc": {
          "start": {
            "line": 27,
            "column": 39
          },
          "end": {
            "line": 30,
            "column": 19
          }
        },
        "line": 27
      },
      "2": {
        "name": "(anonymous_2)",
        "decl": {
          "start": {
            "line": 31,
            "column": 41
          },
          "end": {
            "line": 31,
            "column": 42
          }
        },
        "loc": {
          "start": {
            "line": 31,
            "column": 51
          },
          "end": {
            "line": 36,
            "column": 19
          }
        },
        "line": 31
      },
      "3": {
        "name": "(anonymous_3)",
        "decl": {
          "start": {
            "line": 50,
            "column": 28
          },
          "end": {
            "line": 50,
            "column": 29
          }
        },
        "loc": {
          "start": {
            "line": 50,
            "column": 39
          },
          "end": {
            "line": 53,
            "column": 19
          }
        },
        "line": 50
      },
      "4": {
        "name": "(anonymous_4)",
        "decl": {
          "start": {
            "line": 75,
            "column": 21
          },
          "end": {
            "line": 75,
            "column": 22
          }
        },
        "loc": {
          "start": {
            "line": 75,
            "column": 27
          },
          "end": {
            "line": 78,
            "column": 13
          }
        },
        "line": 75
      }
    },
    "branchMap": {
      "0": {
        "loc": {
          "start": {
            "line": 26,
            "column": 25
          },
          "end": {
            "line": 26,
            "column": 65
          }
        },
        "type": "binary-expr",
        "locations": [
          {
            "start": {
              "line": 26,
              "column": 25
            },
            "end": {
              "line": 26,
              "column": 57
            }
          },
          {
            "start": {
              "line": 26,
              "column": 61
            },
            "end": {
              "line": 26,
              "column": 65
            }
          }
        ],
        "line": 26
      },
      "1": {
        "loc": {
          "start": {
            "line": 49,
            "column": 25
          },
          "end": {
            "line": 49,
            "column": 65
          }
        },
        "type": "binary-expr",
        "locations": [
          {
            "start": {
              "line": 49,
              "column": 25
            },
            "end": {
              "line": 49,
              "column": 54
            }
          },
          {
            "start": {
              "line": 49,
              "column": 58
            },
            "end": {
              "line": 49,
              "column": 65
            }
          }
        ],
        "line": 49
      },
      "2": {
        "loc": {
          "start": {
            "line": 76,
            "column": 19
          },
          "end": {
            "line": 76,
            "column": 54
          }
        },
        "type": "binary-expr",
        "locations": [
          {
            "start": {
              "line": 76,
              "column": 19
            },
            "end": {
              "line": 76,
              "column": 48
            }
          },
          {
            "start": {
              "line": 76,
              "column": 52
            },
            "end": {
              "line": 76,
              "column": 54
            }
          }
        ],
        "line": 76
      },
      "3": {
        "loc": {
          "start": {
            "line": 79,
            "column": 19
          },
          "end": {
            "line": 79,
            "column": 54
          }
        },
        "type": "binary-expr",
        "locations": [
          {
            "start": {
              "line": 79,
              "column": 19
            },
            "end": {
              "line": 79,
              "column": 48
            }
          },
          {
            "start": {
              "line": 79,
              "column": 52
            },
            "end": {
              "line": 79,
              "column": 54
            }
          }
        ],
        "line": 79
      },
      "4": {
        "loc": {
          "start": {
            "line": 85,
            "column": 7
          },
          "end": {
            "line": 85,
            "column": 58
          }
        },
        "type": "binary-expr",
        "locations": [
          {
            "start": {
              "line": 85,
              "column": 7
            },
            "end": {
              "line": 85,
              "column": 47
            }
          },
          {
            "start": {
              "line": 85,
              "column": 51
            },
            "end": {
              "line": 85,
              "column": 58
            }
          }
        ],
        "line": 85
      }
    },
    "s": {
      "0": 1,
      "1": 1,
      "2": 1,
      "3": 0,
      "4": 0,
      "5": 0,
      "6": 0,
      "7": 0,
      "8": 0,
      "9": 0,
      "10": 0,
      "11": 0
    },
    "f": {
      "0": 0,
      "1": 0,
      "2": 0,
      "3": 0,
      "4": 0
    },
    "b": {
      "0": [
        0,
        0
      ],
      "1": [
        0,
        0
      ],
      "2": [
        0,
        0
      ],
      "3": [
        0,
        0
      ],
      "4": [
        0,
        0
      ]
    },
    "_coverageSchema": "1a1c01bbd47fc00a2c39e90264f33305004495a9",
    "hash": "b882bdb8cd73e3f839f790259bf3487f1ea71c69"
  },
  "packages/canyon-platform/src/App.tsx": {
    "path": "packages/canyon-platform/src/App.tsx",
    "statementMap": {
      "0": {
        "start": {
          "line": 8,
          "column": 18
        },
        "end": {
          "line": 12,
          "column": 1
        }
      },
      "1": {
        "start": {
          "line": 14,
          "column": 12
        },
        "end": {
          "line": 15,
          "column": 33
        }
      },
      "2": {
        "start": {
          "line": 17,
          "column": 26
        },
        "end": {
          "line": 17,
          "column": 31
        }
      },
      "3": {
        "start": {
          "line": 18,
          "column": 12
        },
        "end": {
          "line": 37,
          "column": 1
        }
      },
      "4": {
        "start": {
          "line": 19,
          "column": 17
        },
        "end": {
          "line": 21,
          "column": 11
        }
      },
      "5": {
        "start": {
          "line": 22,
          "column": 2
        },
        "end": {
          "line": 36,
          "column": 4
        }
      }
    },
    "fnMap": {
      "0": {
        "name": "(anonymous_0)",
        "decl": {
          "start": {
            "line": 18,
            "column": 12
          },
          "end": {
            "line": 18,
            "column": 13
          }
        },
        "loc": {
          "start": {
            "line": 18,
            "column": 18
          },
          "end": {
            "line": 37,
            "column": 1
          }
        },
        "line": 18
      }
    },
    "branchMap": {
      "0": {
        "loc": {
          "start": {
            "line": 14,
            "column": 13
          },
          "end": {
            "line": 15,
            "column": 6
          }
        },
        "type": "binary-expr",
        "locations": [
          {
            "start": {
              "line": 14,
              "column": 13
            },
            "end": {
              "line": 14,
              "column": 45
            }
          },
          {
            "start": {
              "line": 15,
              "column": 2
            },
            "end": {
              "line": 15,
              "column": 6
            }
          }
        ],
        "line": 14
      },
      "1": {
        "loc": {
          "start": {
            "line": 19,
            "column": 17
          },
          "end": {
            "line": 21,
            "column": 11
          }
        },
        "type": "cond-expr",
        "locations": [
          {
            "start": {
              "line": 20,
              "column": 6
            },
            "end": {
              "line": 20,
              "column": 46
            }
          },
          {
            "start": {
              "line": 21,
              "column": 6
            },
            "end": {
              "line": 21,
              "column": 11
            }
          }
        ],
        "line": 19
      },
      "2": {
        "loc": {
          "start": {
            "line": 30,
            "column": 21
          },
          "end": {
            "line": 30,
            "column": 50
          }
        },
        "type": "cond-expr",
        "locations": [
          {
            "start": {
              "line": 30,
              "column": 30
            },
            "end": {
              "line": 30,
              "column": 45
            }
          },
          {
            "start": {
              "line": 30,
              "column": 48
            },
            "end": {
              "line": 30,
              "column": 50
            }
          }
        ],
        "line": 30
      }
    },
    "s": {
      "0": 1,
      "1": 1,
      "2": 1,
      "3": 1,
      "4": 6,
      "5": 6
    },
    "f": {
      "0": 6
    },
    "b": {
      "0": [
        1,
        1
      ],
      "1": [
        0,
        6
      ],
      "2": [
        0,
        6
      ]
    },
    "_coverageSchema": "1a1c01bbd47fc00a2c39e90264f33305004495a9",
    "hash": "a0fdf4282308cebf94c3703a562b156d7d17c8c7"
  },
  "packages/canyon-platform/src/main.tsx": {
    "path": "packages/canyon-platform/src/main.tsx",
    "statementMap": {
      "0": {
        "start": {
          "line": 20,
          "column": 18
        },
        "end": {
          "line": 42,
          "column": 2
        }
      },
      "1": {
        "start": {
          "line": 21,
          "column": 2
        },
        "end": {
          "line": 37,
          "column": 3
        }
      },
      "2": {
        "start": {
          "line": 22,
          "column": 4
        },
        "end": {
          "line": 36,
          "column": 7
        }
      },
      "3": {
        "start": {
          "line": 23,
          "column": 6
        },
        "end": {
          "line": 25,
          "column": 8
        }
      },
      "4": {
        "start": {
          "line": 26,
          "column": 6
        },
        "end": {
          "line": 26,
          "column": 67
        }
      },
      "5": {
        "start": {
          "line": 27,
          "column": 6
        },
        "end": {
          "line": 34,
          "column": 7
        }
      },
      "6": {
        "start": {
          "line": 32,
          "column": 8
        },
        "end": {
          "line": 32,
          "column": 29
        }
      },
      "7": {
        "start": {
          "line": 33,
          "column": 8
        },
        "end": {
          "line": 33,
          "column": 40
        }
      },
      "8": {
        "start": {
          "line": 38,
          "column": 2
        },
        "end": {
          "line": 41,
          "column": 3
        }
      },
      "9": {
        "start": {
          "line": 39,
          "column": 4
        },
        "end": {
          "line": 39,
          "column": 54
        }
      },
      "10": {
        "start": {
          "line": 45,
          "column": 17
        },
        "end": {
          "line": 51,
          "column": 2
        }
      },
      "11": {
        "start": {
          "line": 54,
          "column": 15
        },
        "end": {
          "line": 57,
          "column": 2
        }
      },
      "12": {
        "start": {
          "line": 59,
          "column": 0
        },
        "end": {
          "line": 63,
          "column": 1
        }
      },
      "13": {
        "start": {
          "line": 60,
          "column": 2
        },
        "end": {
          "line": 60,
          "column": 49
        }
      },
      "14": {
        "start": {
          "line": 62,
          "column": 2
        },
        "end": {
          "line": 62,
          "column": 52
        }
      },
      "15": {
        "start": {
          "line": 65,
          "column": 0
        },
        "end": {
          "line": 71,
          "column": 2
        }
      }
    },
    "fnMap": {
      "0": {
        "name": "(anonymous_0)",
        "decl": {
          "start": {
            "line": 20,
            "column": 26
          },
          "end": {
            "line": 20,
            "column": 27
          }
        },
        "loc": {
          "start": {
            "line": 20,
            "column": 63
          },
          "end": {
            "line": 42,
            "column": 1
          }
        },
        "line": 20
      },
      "1": {
        "name": "(anonymous_1)",
        "decl": {
          "start": {
            "line": 22,
            "column": 26
          },
          "end": {
            "line": 22,
            "column": 27
          }
        },
        "loc": {
          "start": {
            "line": 22,
            "column": 65
          },
          "end": {
            "line": 36,
            "column": 5
          }
        },
        "line": 22
      }
    },
    "branchMap": {
      "0": {
        "loc": {
          "start": {
            "line": 21,
            "column": 2
          },
          "end": {
            "line": 37,
            "column": 3
          }
        },
        "type": "if",
        "locations": [
          {
            "start": {
              "line": 21,
              "column": 2
            },
            "end": {
              "line": 37,
              "column": 3
            }
          },
          {
            "start": {},
            "end": {}
          }
        ],
        "line": 21
      },
      "1": {
        "loc": {
          "start": {
            "line": 27,
            "column": 6
          },
          "end": {
            "line": 34,
            "column": 7
          }
        },
        "type": "if",
        "locations": [
          {
            "start": {
              "line": 27,
              "column": 6
            },
            "end": {
              "line": 34,
              "column": 7
            }
          },
          {
            "start": {},
            "end": {}
          }
        ],
        "line": 27
      },
      "2": {
        "loc": {
          "start": {
            "line": 28,
            "column": 8
          },
          "end": {
            "line": 30,
            "column": 45
          }
        },
        "type": "binary-expr",
        "locations": [
          {
            "start": {
              "line": 28,
              "column": 8
            },
            "end": {
              "line": 28,
              "column": 30
            }
          },
          {
            "start": {
              "line": 29,
              "column": 8
            },
            "end": {
              "line": 29,
              "column": 45
            }
          },
          {
            "start": {
              "line": 30,
              "column": 8
            },
            "end": {
              "line": 30,
              "column": 45
            }
          }
        ],
        "line": 28
      },
      "3": {
        "loc": {
          "start": {
            "line": 38,
            "column": 2
          },
          "end": {
            "line": 41,
            "column": 3
          }
        },
        "type": "if",
        "locations": [
          {
            "start": {
              "line": 38,
              "column": 2
            },
            "end": {
              "line": 41,
              "column": 3
            }
          },
          {
            "start": {},
            "end": {}
          }
        ],
        "line": 38
      },
      "4": {
        "loc": {
          "start": {
            "line": 49,
            "column": 32
          },
          "end": {
            "line": 49,
            "column": 67
          }
        },
        "type": "binary-expr",
        "locations": [
          {
            "start": {
              "line": 49,
              "column": 32
            },
            "end": {
              "line": 49,
              "column": 61
            }
          },
          {
            "start": {
              "line": 49,
              "column": 65
            },
            "end": {
              "line": 49,
              "column": 67
            }
          }
        ],
        "line": 49
      },
      "5": {
        "loc": {
          "start": {
            "line": 59,
            "column": 0
          },
          "end": {
            "line": 63,
            "column": 1
          }
        },
        "type": "if",
        "locations": [
          {
            "start": {
              "line": 59,
              "column": 0
            },
            "end": {
              "line": 63,
              "column": 1
            }
          },
          {
            "start": {
              "line": 61,
              "column": 7
            },
            "end": {
              "line": 63,
              "column": 1
            }
          }
        ],
        "line": 59
      }
    },
    "s": {
      "0": 1,
      "1": 0,
      "2": 0,
      "3": 0,
      "4": 0,
      "5": 0,
      "6": 0,
      "7": 0,
      "8": 0,
      "9": 0,
      "10": 1,
      "11": 1,
      "12": 1,
      "13": 0,
      "14": 1,
      "15": 1
    },
    "f": {
      "0": 0,
      "1": 0
    },
    "b": {
      "0": [
        0,
        0
      ],
      "1": [
        0,
        0
      ],
      "2": [
        0,
        0,
        0
      ],
      "3": [
        0,
        0
      ],
      "4": [
        1,
        0
      ],
      "5": [
        0,
        1
      ]
    },
    "_coverageSchema": "1a1c01bbd47fc00a2c39e90264f33305004495a9",
    "hash": "d54c3f115d499bc81be02fd02df4a1cafc8f4e78"
  }
}
